<?xml version="1.0" encoding="UTF-8"?>
<testng-results skipped="0" failed="0" ignored="0" total="1" passed="1">
  <reporter-output>
    <line>
      <![CDATA[signup button is enabled and displayed.]]>
    </line>
    <line>
      <![CDATA[clicked on Sign up button]]>
    </line>
  </reporter-output>
  <suite name="Default suite" duration-ms="28446" started-at="2018-09-04T09:32:42Z" finished-at="2018-09-04T09:33:10Z">
    <groups>
    </groups>
    <test name="Default test" duration-ms="28446" started-at="2018-09-04T09:32:42Z" finished-at="2018-09-04T09:33:10Z">
      <class name="com.test.homeModule.TC_001_VerifySignUpButton">
        <test-method status="PASS" signature="setUp()[pri:0, instance:com.test.homeModule.TC_001_VerifySignUpButton@47db50c5]" name="setUp" is-config="true" duration-ms="22131" started-at="2018-09-04T09:32:42Z" finished-at="2018-09-04T09:33:04Z">
          <reporter-output>
          </reporter-output>
        </test-method> <!-- setUp -->
        <test-method status="PASS" signature="testSignUpButton()[pri:0, instance:com.test.homeModule.TC_001_VerifySignUpButton@47db50c5]" name="testSignUpButton" duration-ms="4060" started-at="2018-09-04T09:33:04Z" finished-at="2018-09-04T09:33:08Z">
          <reporter-output>
            <line>
              <![CDATA[signup button is enabled and displayed.]]>
            </line>
            <line>
              <![CDATA[clicked on Sign up button]]>
            </line>
          </reporter-output>
        </test-method> <!-- testSignUpButton -->
        <test-method status="PASS" signature="tearDown()[pri:0, instance:com.test.homeModule.TC_001_VerifySignUpButton@47db50c5]" name="tearDown" is-config="true" duration-ms="2221" started-at="2018-09-04T09:33:08Z" finished-at="2018-09-04T09:33:10Z">
          <reporter-output>
          </reporter-output>
        </test-method> <!-- tearDown -->
      </class> <!-- com.test.homeModule.TC_001_VerifySignUpButton -->
    </test> <!-- Default test -->
  </suite> <!-- Default suite -->
</testng-results>
